<?xml version="1.0" encoding="UTF-8"?>
<testsuite xmlns:xsi="http://www.w3.org/2001/XMLSchema-instance" xsi:noNamespaceSchemaLocation="https://maven.apache.org/surefire/maven-surefire-plugin/xsd/surefire-test-report.xsd" version="3.0.2" name="org.example.AppTest" time="0.037" tests="1" errors="0" skipped="0" failures="0">
  <properties>
    <property name="awt.toolkit" value="sun.awt.X11.XToolkit"/>
    <property name="java.specification.version" value="11"/>
    <property name="sun.cpu.isalist" value=""/>
    <property name="sun.jnu.encoding" value="UTF-8"/>
    <property name="java.class.path" value="/home/lucas/projects/personal/wso2/custom-gateway-jwt/target/test-classes:/home/lucas/projects/personal/wso2/custom-gateway-jwt/target/classes:/home/lucas/.m2/repository/org/wso2/carbon/apimgt/org.wso2.carbon.apimgt.common.gateway/9.29.120/org.wso2.carbon.apimgt.common.gateway-9.29.120.jar:/home/lucas/.m2/repository/com/google/code/gson/gson/2.10.1/gson-2.10.1.jar:/home/lucas/.m2/repository/org/wso2/orbit/com/nimbusds/nimbus-jose-jwt/9.37.3.wso2v1/nimbus-jose-jwt-9.37.3.wso2v1.jar:/home/lucas/.m2/repository/com/fasterxml/jackson/core/jackson-databind/2.16.1/jackson-databind-2.16.1.jar:/home/lucas/.m2/repository/com/fasterxml/jackson/core/jackson-annotations/2.16.1/jackson-annotations-2.16.1.jar:/home/lucas/.m2/repository/com/fasterxml/jackson/core/jackson-core/2.16.1/jackson-core-2.16.1.jar:/home/lucas/.m2/repository/commons-logging/commons-logging/1.1.1/commons-logging-1.1.1.jar:/home/lucas/.m2/repository/net/minidev/json-smart/2.5.0/json-smart-2.5.0.jar:/home/lucas/.m2/repository/net/minidev/accessors-smart/2.5.0/accessors-smart-2.5.0.jar:/home/lucas/.m2/repository/org/ow2/asm/asm/9.3/asm-9.3.jar:/home/lucas/.m2/repository/commons-lang/commons-lang/2.4/commons-lang-2.4.jar:/home/lucas/.m2/repository/commons-codec/commons-codec/1.16.0/commons-codec-1.16.0.jar:/home/lucas/.m2/repository/org/wso2/am/analytics/publisher/org.wso2.am.analytics.publisher.client/1.2.18/org.wso2.am.analytics.publisher.client-1.2.18.jar:/home/lucas/.m2/repository/com/moesif/api/moesifapi/1.7.4/moesifapi-1.7.4.jar:/home/lucas/.m2/repository/com/moesif/unirest/unirest-java/1.0.8/unirest-java-1.0.8.jar:/home/lucas/.m2/repository/org/apache/httpcomponents/httpasyncclient/4.0.2/httpasyncclient-4.0.2.jar:/home/lucas/.m2/repository/org/apache/httpcomponents/httpcore/4.4.15/httpcore-4.4.15.jar:/home/lucas/.m2/repository/org/apache/httpcomponents/httpcore-nio/4.4.15/httpcore-nio-4.4.15.jar:/home/lucas/.m2/repository/com/azure/azure-messaging-eventhubs/5.3.1/azure-messaging-eventhubs-5.3.1.jar:/home/lucas/.m2/repository/com/azure/azure-core/1.9.0/azure-core-1.9.0.jar:/home/lucas/.m2/repository/com/fasterxml/jackson/datatype/jackson-datatype-jsr310/2.11.2/jackson-datatype-jsr310-2.11.2.jar:/home/lucas/.m2/repository/com/fasterxml/jackson/dataformat/jackson-dataformat-xml/2.11.2/jackson-dataformat-xml-2.11.2.jar:/home/lucas/.m2/repository/com/fasterxml/jackson/module/jackson-module-jaxb-annotations/2.11.2/jackson-module-jaxb-annotations-2.11.2.jar:/home/lucas/.m2/repository/jakarta/xml/bind/jakarta.xml.bind-api/2.3.2/jakarta.xml.bind-api-2.3.2.jar:/home/lucas/.m2/repository/jakarta/activation/jakarta.activation-api/1.2.1/jakarta.activation-api-1.2.1.jar:/home/lucas/.m2/repository/org/codehaus/woodstox/stax2-api/4.2.1/stax2-api-4.2.1.jar:/home/lucas/.m2/repository/com/fasterxml/woodstox/woodstox-core/6.2.1/woodstox-core-6.2.1.jar:/home/lucas/.m2/repository/io/projectreactor/reactor-core/3.3.9.RELEASE/reactor-core-3.3.9.RELEASE.jar:/home/lucas/.m2/repository/io/netty/netty-tcnative-boringssl-static/2.0.31.Final/netty-tcnative-boringssl-static-2.0.31.Final.jar:/home/lucas/.m2/repository/com/azure/azure-core-amqp/1.6.0/azure-core-amqp-1.6.0.jar:/home/lucas/.m2/repository/com/microsoft/azure/qpid-proton-j-extensions/1.2.3/qpid-proton-j-extensions-1.2.3.jar:/home/lucas/.m2/repository/org/apache/qpid/proton-j/0.33.4/proton-j-0.33.4.jar:/home/lucas/.m2/repository/io/github/openfeign/feign-httpclient/13.2.1/feign-httpclient-13.2.1.jar:/home/lucas/.m2/repository/org/slf4j/slf4j-api/1.7.2/slf4j-api-1.7.2.jar:/home/lucas/.m2/repository/org/apache/logging/log4j/log4j-core/2.17.1/log4j-core-2.17.1.jar:/home/lucas/.m2/repository/org/apache/logging/log4j/log4j-api/2.17.1/log4j-api-2.17.1.jar:/home/lucas/.m2/repository/org/apache/logging/log4j/log4j-slf4j-impl/2.17.1/log4j-slf4j-impl-2.17.1.jar:/home/lucas/.m2/repository/io/github/openfeign/feign-core/13.2.1/feign-core-13.2.1.jar:/home/lucas/.m2/repository/io/github/openfeign/feign-gson/13.2.1/feign-gson-13.2.1.jar:/home/lucas/.m2/repository/io/github/openfeign/feign-slf4j/13.2.1/feign-slf4j-13.2.1.jar:/home/lucas/.m2/repository/ua/parser/wso2/ua-parser/1.6.1.wso2v1/ua-parser-1.6.1.wso2v1.jar:/home/lucas/.m2/repository/org/apache/commons/commons-lang3/3.12.0/commons-lang3-3.12.0.jar:/home/lucas/.m2/repository/org/wso2/orbit/graphQL/graphQL/19.6.wso2v1/graphQL-19.6.wso2v1.jar:/home/lucas/.m2/repository/com/graphql-java/graphql-java/19.6/graphql-java-19.6.jar:/home/lucas/.m2/repository/org/antlr/antlr4-runtime/4.9.3/antlr4-runtime-4.9.3.jar:/home/lucas/.m2/repository/org/reactivestreams/reactive-streams/1.0.3/reactive-streams-1.0.3.jar:/home/lucas/.m2/repository/com/graphql-java/java-dataloader/3.2.0/java-dataloader-3.2.0.jar:/home/lucas/.m2/repository/com/googlecode/json-simple/json-simple/1.1.1/json-simple-1.1.1.jar:/home/lucas/.m2/repository/junit/junit/4.10/junit-4.10.jar:/home/lucas/.m2/repository/org/hamcrest/hamcrest-core/1.1/hamcrest-core-1.1.jar:/home/lucas/.m2/repository/org/apache/httpcomponents/httpmime/4.5.10/httpmime-4.5.10.jar:/home/lucas/.m2/repository/org/apache/httpcomponents/httpclient/4.5.10/httpclient-4.5.10.jar:/home/lucas/.m2/repository/com/github/spotbugs/spotbugs-annotations/4.8.2/spotbugs-annotations-4.8.2.jar:/home/lucas/.m2/repository/com/google/code/findbugs/jsr305/3.0.2/jsr305-3.0.2.jar:/home/lucas/.m2/repository/org/json/wso2/json/3.0.0.wso2v1/json-3.0.0.wso2v1.jar:/home/lucas/.m2/repository/org/json/json/20140107/json-20140107.jar:/home/lucas/.m2/repository/org/osgi/org.osgi.service.component.annotations/1.4.0/org.osgi.service.component.annotations-1.4.0.jar:"/>
    <property name="java.vm.vendor" value="Ubuntu"/>
    <property name="sun.arch.data.model" value="64"/>
    <property name="java.vendor.url" value="https://ubuntu.com/"/>
    <property name="user.timezone" value=""/>
    <property name="java.vm.specification.version" value="11"/>
    <property name="os.name" value="Linux"/>
    <property name="sun.java.launcher" value="SUN_STANDARD"/>
    <property name="sun.boot.library.path" value="/usr/lib/jvm/java-11-openjdk-amd64/lib"/>
    <property name="sun.java.command" value="/home/lucas/projects/personal/wso2/custom-gateway-jwt/target/surefire/surefirebooter-20250423194245490_3.jar /home/lucas/projects/personal/wso2/custom-gateway-jwt/target/surefire 2025-04-23T19-42-44_649-jvmRun1 surefire-20250423194245490_1tmp surefire_0-20250423194245490_2tmp"/>
    <property name="jdk.debug" value="release"/>
    <property name="surefire.test.class.path" value="/home/lucas/projects/personal/wso2/custom-gateway-jwt/target/test-classes:/home/lucas/projects/personal/wso2/custom-gateway-jwt/target/classes:/home/lucas/.m2/repository/org/wso2/carbon/apimgt/org.wso2.carbon.apimgt.common.gateway/9.29.120/org.wso2.carbon.apimgt.common.gateway-9.29.120.jar:/home/lucas/.m2/repository/com/google/code/gson/gson/2.10.1/gson-2.10.1.jar:/home/lucas/.m2/repository/org/wso2/orbit/com/nimbusds/nimbus-jose-jwt/9.37.3.wso2v1/nimbus-jose-jwt-9.37.3.wso2v1.jar:/home/lucas/.m2/repository/com/fasterxml/jackson/core/jackson-databind/2.16.1/jackson-databind-2.16.1.jar:/home/lucas/.m2/repository/com/fasterxml/jackson/core/jackson-annotations/2.16.1/jackson-annotations-2.16.1.jar:/home/lucas/.m2/repository/com/fasterxml/jackson/core/jackson-core/2.16.1/jackson-core-2.16.1.jar:/home/lucas/.m2/repository/commons-logging/commons-logging/1.1.1/commons-logging-1.1.1.jar:/home/lucas/.m2/repository/net/minidev/json-smart/2.5.0/json-smart-2.5.0.jar:/home/lucas/.m2/repository/net/minidev/accessors-smart/2.5.0/accessors-smart-2.5.0.jar:/home/lucas/.m2/repository/org/ow2/asm/asm/9.3/asm-9.3.jar:/home/lucas/.m2/repository/commons-lang/commons-lang/2.4/commons-lang-2.4.jar:/home/lucas/.m2/repository/commons-codec/commons-codec/1.16.0/commons-codec-1.16.0.jar:/home/lucas/.m2/repository/org/wso2/am/analytics/publisher/org.wso2.am.analytics.publisher.client/1.2.18/org.wso2.am.analytics.publisher.client-1.2.18.jar:/home/lucas/.m2/repository/com/moesif/api/moesifapi/1.7.4/moesifapi-1.7.4.jar:/home/lucas/.m2/repository/com/moesif/unirest/unirest-java/1.0.8/unirest-java-1.0.8.jar:/home/lucas/.m2/repository/org/apache/httpcomponents/httpasyncclient/4.0.2/httpasyncclient-4.0.2.jar:/home/lucas/.m2/repository/org/apache/httpcomponents/httpcore/4.4.15/httpcore-4.4.15.jar:/home/lucas/.m2/repository/org/apache/httpcomponents/httpcore-nio/4.4.15/httpcore-nio-4.4.15.jar:/home/lucas/.m2/repository/com/azure/azure-messaging-eventhubs/5.3.1/azure-messaging-eventhubs-5.3.1.jar:/home/lucas/.m2/repository/com/azure/azure-core/1.9.0/azure-core-1.9.0.jar:/home/lucas/.m2/repository/com/fasterxml/jackson/datatype/jackson-datatype-jsr310/2.11.2/jackson-datatype-jsr310-2.11.2.jar:/home/lucas/.m2/repository/com/fasterxml/jackson/dataformat/jackson-dataformat-xml/2.11.2/jackson-dataformat-xml-2.11.2.jar:/home/lucas/.m2/repository/com/fasterxml/jackson/module/jackson-module-jaxb-annotations/2.11.2/jackson-module-jaxb-annotations-2.11.2.jar:/home/lucas/.m2/repository/jakarta/xml/bind/jakarta.xml.bind-api/2.3.2/jakarta.xml.bind-api-2.3.2.jar:/home/lucas/.m2/repository/jakarta/activation/jakarta.activation-api/1.2.1/jakarta.activation-api-1.2.1.jar:/home/lucas/.m2/repository/org/codehaus/woodstox/stax2-api/4.2.1/stax2-api-4.2.1.jar:/home/lucas/.m2/repository/com/fasterxml/woodstox/woodstox-core/6.2.1/woodstox-core-6.2.1.jar:/home/lucas/.m2/repository/io/projectreactor/reactor-core/3.3.9.RELEASE/reactor-core-3.3.9.RELEASE.jar:/home/lucas/.m2/repository/io/netty/netty-tcnative-boringssl-static/2.0.31.Final/netty-tcnative-boringssl-static-2.0.31.Final.jar:/home/lucas/.m2/repository/com/azure/azure-core-amqp/1.6.0/azure-core-amqp-1.6.0.jar:/home/lucas/.m2/repository/com/microsoft/azure/qpid-proton-j-extensions/1.2.3/qpid-proton-j-extensions-1.2.3.jar:/home/lucas/.m2/repository/org/apache/qpid/proton-j/0.33.4/proton-j-0.33.4.jar:/home/lucas/.m2/repository/io/github/openfeign/feign-httpclient/13.2.1/feign-httpclient-13.2.1.jar:/home/lucas/.m2/repository/org/slf4j/slf4j-api/1.7.2/slf4j-api-1.7.2.jar:/home/lucas/.m2/repository/org/apache/logging/log4j/log4j-core/2.17.1/log4j-core-2.17.1.jar:/home/lucas/.m2/repository/org/apache/logging/log4j/log4j-api/2.17.1/log4j-api-2.17.1.jar:/home/lucas/.m2/repository/org/apache/logging/log4j/log4j-slf4j-impl/2.17.1/log4j-slf4j-impl-2.17.1.jar:/home/lucas/.m2/repository/io/github/openfeign/feign-core/13.2.1/feign-core-13.2.1.jar:/home/lucas/.m2/repository/io/github/openfeign/feign-gson/13.2.1/feign-gson-13.2.1.jar:/home/lucas/.m2/repository/io/github/openfeign/feign-slf4j/13.2.1/feign-slf4j-13.2.1.jar:/home/lucas/.m2/repository/ua/parser/wso2/ua-parser/1.6.1.wso2v1/ua-parser-1.6.1.wso2v1.jar:/home/lucas/.m2/repository/org/apache/commons/commons-lang3/3.12.0/commons-lang3-3.12.0.jar:/home/lucas/.m2/repository/org/wso2/orbit/graphQL/graphQL/19.6.wso2v1/graphQL-19.6.wso2v1.jar:/home/lucas/.m2/repository/com/graphql-java/graphql-java/19.6/graphql-java-19.6.jar:/home/lucas/.m2/repository/org/antlr/antlr4-runtime/4.9.3/antlr4-runtime-4.9.3.jar:/home/lucas/.m2/repository/org/reactivestreams/reactive-streams/1.0.3/reactive-streams-1.0.3.jar:/home/lucas/.m2/repository/com/graphql-java/java-dataloader/3.2.0/java-dataloader-3.2.0.jar:/home/lucas/.m2/repository/com/googlecode/json-simple/json-simple/1.1.1/json-simple-1.1.1.jar:/home/lucas/.m2/repository/junit/junit/4.10/junit-4.10.jar:/home/lucas/.m2/repository/org/hamcrest/hamcrest-core/1.1/hamcrest-core-1.1.jar:/home/lucas/.m2/repository/org/apache/httpcomponents/httpmime/4.5.10/httpmime-4.5.10.jar:/home/lucas/.m2/repository/org/apache/httpcomponents/httpclient/4.5.10/httpclient-4.5.10.jar:/home/lucas/.m2/repository/com/github/spotbugs/spotbugs-annotations/4.8.2/spotbugs-annotations-4.8.2.jar:/home/lucas/.m2/repository/com/google/code/findbugs/jsr305/3.0.2/jsr305-3.0.2.jar:/home/lucas/.m2/repository/org/json/wso2/json/3.0.0.wso2v1/json-3.0.0.wso2v1.jar:/home/lucas/.m2/repository/org/json/json/20140107/json-20140107.jar:/home/lucas/.m2/repository/org/osgi/org.osgi.service.component.annotations/1.4.0/org.osgi.service.component.annotations-1.4.0.jar:"/>
    <property name="sun.cpu.endian" value="little"/>
    <property name="user.home" value="/home/lucas"/>
    <property name="user.language" value="en"/>
    <property name="java.specification.vendor" value="Oracle Corporation"/>
    <property name="java.version.date" value="2025-01-21"/>
    <property name="java.home" value="/usr/lib/jvm/java-11-openjdk-amd64"/>
    <property name="file.separator" value="/"/>
    <property name="basedir" value="/home/lucas/projects/personal/wso2/custom-gateway-jwt"/>
    <property name="java.vm.compressedOopsMode" value="32-bit"/>
    <property name="line.separator" value="&#10;"/>
    <property name="java.specification.name" value="Java Platform API Specification"/>
    <property name="java.vm.specification.vendor" value="Oracle Corporation"/>
    <property name="java.awt.graphicsenv" value="sun.awt.X11GraphicsEnvironment"/>
    <property name="surefire.real.class.path" value="/home/lucas/projects/personal/wso2/custom-gateway-jwt/target/surefire/surefirebooter-20250423194245490_3.jar"/>
    <property name="sun.management.compiler" value="HotSpot 64-Bit Tiered Compilers"/>
    <property name="java.runtime.version" value="11.0.26+4-post-Ubuntu-1ubuntu120.04"/>
    <property name="user.name" value="lucas"/>
    <property name="path.separator" value=":"/>
    <property name="os.version" value="5.15.133.1-microsoft-standard-WSL2"/>
    <property name="java.runtime.name" value="OpenJDK Runtime Environment"/>
    <property name="file.encoding" value="UTF-8"/>
    <property name="java.vm.name" value="OpenJDK 64-Bit Server VM"/>
    <property name="localRepository" value="/home/lucas/.m2/repository"/>
    <property name="java.vendor.url.bug" value="https://bugs.launchpad.net/ubuntu/+source/openjdk-lts"/>
    <property name="java.io.tmpdir" value="/tmp"/>
    <property name="java.version" value="11.0.26"/>
    <property name="user.dir" value="/home/lucas/projects/personal/wso2/custom-gateway-jwt"/>
    <property name="os.arch" value="amd64"/>
    <property name="java.vm.specification.name" value="Java Virtual Machine Specification"/>
    <property name="java.awt.printerjob" value="sun.print.PSPrinterJob"/>
    <property name="sun.os.patch.level" value="unknown"/>
    <property name="java.library.path" value="/usr/java/packages/lib:/usr/lib/x86_64-linux-gnu/jni:/lib/x86_64-linux-gnu:/usr/lib/x86_64-linux-gnu:/usr/lib/jni:/lib:/usr/lib"/>
    <property name="java.vm.info" value="mixed mode, sharing"/>
    <property name="java.vendor" value="Ubuntu"/>
    <property name="java.vm.version" value="11.0.26+4-post-Ubuntu-1ubuntu120.04"/>
    <property name="java.specification.maintenance.version" value="3"/>
    <property name="sun.io.unicode.encoding" value="UnicodeLittle"/>
    <property name="java.class.version" value="55.0"/>
  </properties>
  <testcase name="testApp" classname="org.example.AppTest" time="0.005"/>
</testsuite>